12/06/2017 08:07:49 PM INFO	Inicio de programa
12/06/2017 08:07:54 PM OK	240475
12/06/2017 08:08:12 PM INFO	Inicio de programa
12/06/2017 08:08:17 PM OK	240475
12/06/2017 08:09:10 PM INFO	Inicio de programa
12/06/2017 08:11:16 PM INFO	Inicio de programa
12/06/2017 08:11:24 PM OK	240475
12/06/2017 08:11:42 PM CANCEL	Nuevo resultado
12/06/2017 08:11:42 PM OK	240475
12/06/2017 08:11:50 PM CANCEL	Nuevo resultado
12/06/2017 08:11:50 PM OK	24
12/06/2017 08:13:10 PM INFO	Inicio de programa
12/06/2017 08:13:15 PM OK	240475
12/06/2017 08:17:42 PM OK	240475
12/06/2017 08:22:53 PM INFO	Inicio de programa
12/06/2017 08:24:37 PM INFO	Inicio de programa
12/06/2017 09:48:44 PM INFO	Salir del programa
12/06/2017 09:49:05 PM INFO	Inicio de programa
12/06/2017 09:50:34 PM INFO	Inicio de programa
12/06/2017 09:50:41 PM INFO	Inicio de programa
12/06/2017 09:50:49 PM INFO	Inicio de programa
12/06/2017 09:51:51 PM INFO	Inicio de programa
12/06/2017 09:52:22 PM INFO	Inicio de programa
12/06/2017 09:52:46 PM INFO	Inicio de programa
12/06/2017 09:53:15 PM INFO	Inicio de programa
12/06/2017 09:53:29 PM INFO	Inicio de programa
12/06/2017 09:53:41 PM INFO	Inicio de programa
12/06/2017 09:53:48 PM INFO	Inicio de programa
12/06/2017 09:54:30 PM INFO	Inicio de programa
12/06/2017 10:03:52 PM INFO	Inicio de programa
12/06/2017 10:11:19 PM INFO	Inicio de programa
12/06/2017 10:12:01 PM INFO	Inicio de programa
12/06/2017 10:13:38 PM INFO	Inicio de programa
12/06/2017 10:15:37 PM INFO	Inicio de programa
12/06/2017 10:16:03 PM INFO	Inicio de programa
12/06/2017 10:16:41 PM INFO	Inicio de programa
12/06/2017 10:18:18 PM INFO	Inicio de programa
12/06/2017 10:19:39 PM INFO	Inicio de programa
12/06/2017 10:20:14 PM INFO	Inicio de programa
12/06/2017 10:21:19 PM INFO	Inicio de programa
12/06/2017 10:21:36 PM INFO	Inicio de programa
12/06/2017 10:22:38 PM INFO	Inicio de programa
12/06/2017 10:23:35 PM INFO	Inicio de programa
12/06/2017 10:25:47 PM OK	240475
12/06/2017 10:29:47 PM INFO	Inicio de programa
12/06/2017 10:29:51 PM OK	240475
12/06/2017 10:30:52 PM INFO	Inicio de programa
12/06/2017 10:30:56 PM OK	240475
12/06/2017 10:32:00 PM INFO	Inicio de programa
12/06/2017 10:32:03 PM OK	240475
12/06/2017 10:32:20 PM INFO	Inicio de programa
12/06/2017 10:32:22 PM OK	240475
12/06/2017 10:33:00 PM INFO	Inicio de programa
12/06/2017 10:33:03 PM OK	240475
12/06/2017 10:33:29 PM INFO	Inicio de programa
12/06/2017 10:33:32 PM OK	240475
12/06/2017 10:34:02 PM INFO	Inicio de programa
12/06/2017 10:34:05 PM OK	240475
12/06/2017 10:37:14 PM INFO	Inicio de programa
12/06/2017 10:37:16 PM OK	240475
12/06/2017 10:40:32 PM INFO	Inicio de programa
12/06/2017 10:40:35 PM OK	240475
12/06/2017 10:46:27 PM INFO	Inicio de programa
12/06/2017 10:46:30 PM OK	240475
12/06/2017 10:47:31 PM INFO	Inicio de programa
12/06/2017 10:47:40 PM OK	240475
12/06/2017 10:48:32 PM INFO	Inicio de programa
12/06/2017 10:48:37 PM OK	240475
12/06/2017 10:51:52 PM INFO	Inicio de programa
12/06/2017 10:52:09 PM INFO	Inicio de programa
12/06/2017 10:52:10 PM OK	240475
12/06/2017 10:52:34 PM INFO	Inicio de programa
12/06/2017 10:52:35 PM OK	240475
12/06/2017 10:53:18 PM INFO	Inicio de programa
12/06/2017 10:54:10 PM INFO	Inicio de programa
12/06/2017 10:54:26 PM INFO	Inicio de programa
12/06/2017 10:59:28 PM INFO	Inicio de programa
12/06/2017 11:00:22 PM INFO	Inicio de programa
12/06/2017 11:02:37 PM INFO	Inicio de programa
12/06/2017 11:03:00 PM INFO	Inicio de programa
12/06/2017 11:03:10 PM INFO	Inicio de programa
12/06/2017 11:03:39 PM INFO	Inicio de programa
12/06/2017 11:03:52 PM INFO	Inicio de programa
12/06/2017 11:04:05 PM INFO	Inicio de programa
12/06/2017 11:04:16 PM INFO	Inicio de programa
12/06/2017 11:04:24 PM INFO	Inicio de programa
12/06/2017 11:04:54 PM INFO	Inicio de programa
12/06/2017 11:05:11 PM INFO	Inicio de programa
12/06/2017 11:05:22 PM INFO	Inicio de programa
12/06/2017 11:05:44 PM INFO	Inicio de programa
12/06/2017 11:05:52 PM INFO	Inicio de programa
12/06/2017 11:06:02 PM INFO	Inicio de programa
12/06/2017 11:06:12 PM INFO	Inicio de programa
12/06/2017 11:06:17 PM OK	240475
12/06/2017 11:06:45 PM INFO	Inicio de programa
12/06/2017 11:07:10 PM INFO	Inicio de programa
12/06/2017 11:07:30 PM INFO	Inicio de programa
12/06/2017 11:07:38 PM INFO	Inicio de programa
12/06/2017 11:07:48 PM INFO	Inicio de programa
12/06/2017 11:07:56 PM INFO	Inicio de programa
12/06/2017 11:08:15 PM INFO	Inicio de programa
12/06/2017 11:08:18 PM OK	240475
12/06/2017 11:09:36 PM INFO	Inicio de programa
12/06/2017 11:09:37 PM OK	240475
12/06/2017 11:10:18 PM INFO	Inicio de programa
12/06/2017 11:10:20 PM OK	240475
12/06/2017 11:11:25 PM CANCEL	Nuevo resultado
12/06/2017 11:11:25 PM OK	240475
12/06/2017 11:11:29 PM INFO	Inicio de programa
12/06/2017 11:11:30 PM OK	240475
12/06/2017 11:12:44 PM INFO	Inicio de programa
12/06/2017 11:12:45 PM OK	240475
12/06/2017 11:13:44 PM INFO	Inicio de programa
12/06/2017 11:13:46 PM OK	240475
12/06/2017 11:17:34 PM INFO	Inicio de programa
12/06/2017 11:17:35 PM OK	240475
12/06/2017 11:18:00 PM INFO	Inicio de programa
12/06/2017 11:18:01 PM OK	240475
12/06/2017 11:20:05 PM INFO	Inicio de programa
12/06/2017 11:20:07 PM OK	240475
12/06/2017 11:21:45 PM INFO	Inicio de programa
12/06/2017 11:21:47 PM OK	240475
12/06/2017 11:24:35 PM INFO	Inicio de programa
12/06/2017 11:24:37 PM OK	240475
12/06/2017 11:24:57 PM INFO	Inicio de programa
12/06/2017 11:24:59 PM OK	240475
12/06/2017 11:27:00 PM INFO	Inicio de programa
12/06/2017 11:27:03 PM OK	240475
12/06/2017 11:29:11 PM INFO	Inicio de programa
12/06/2017 11:29:12 PM OK	230301
12/06/2017 11:31:47 PM INFO	Inicio de programa
12/06/2017 11:31:48 PM OK	081284
12/06/2017 11:32:05 PM OK	081284
12/06/2017 11:32:07 PM CANCEL	Nuevo resultado
12/06/2017 11:32:07 PM OK	081284
12/06/2017 11:32:08 PM CANCEL	Nuevo resultado
12/06/2017 11:32:08 PM OK	081284
12/06/2017 11:34:07 PM INFO	Inicio de programa
12/06/2017 11:35:32 PM INFO	Inicio de programa
12/06/2017 11:35:34 PM OK	081284
12/06/2017 11:38:47 PM INFO	Inicio de programa
12/06/2017 11:38:49 PM OK	081284
12/06/2017 11:39:39 PM INFO	Inicio de programa
12/06/2017 11:42:13 PM OK	081284
12/06/2017 11:43:03 PM INFO	Inicio de programa
12/06/2017 11:43:49 PM INFO	Inicio de programa
12/06/2017 11:43:50 PM OK	081284
12/06/2017 11:44:27 PM INFO	Inicio de programa
12/06/2017 11:44:29 PM OK	081284
12/06/2017 11:46:52 PM INFO	Inicio de programa
12/06/2017 11:46:53 PM OK	081284
12/06/2017 11:49:04 PM INFO	Inicio de programa
12/06/2017 11:49:05 PM OK	081284
12/06/2017 11:50:04 PM INFO	Inicio de programa
12/06/2017 11:50:06 PM OK	081284
12/06/2017 11:51:33 PM INFO	Inicio de programa
12/06/2017 11:51:34 PM OK	081284
12/06/2017 11:52:10 PM INFO	Inicio de programa
12/06/2017 11:52:12 PM OK	081284
12/06/2017 11:52:58 PM INFO	Inicio de programa
12/06/2017 11:53:18 PM INFO	Inicio de programa
12/06/2017 11:53:20 PM OK	081284
12/07/2017 12:14:59 AM INFO	Inicio de programa
12/07/2017 12:15:00 AM OK	081284
12/07/2017 12:16:08 AM INFO	Inicio de programa
12/07/2017 12:16:09 AM OK	081284
12/07/2017 12:16:23 AM INFO	Inicio de programa
12/07/2017 12:16:24 AM OK	081284
12/07/2017 12:17:08 AM INFO	Inicio de programa
12/07/2017 12:17:11 AM OK	081284
12/07/2017 12:18:41 AM INFO	Inicio de programa
12/07/2017 12:18:43 AM OK	230301
12/07/2017 10:13:05 AM INFO	Inicio de programa
12/07/2017 10:13:08 AM OK	081284
12/07/2017 10:14:08 AM OK	230301
12/07/2017 10:16:48 AM INFO	Inicio de programa
12/07/2017 10:16:50 AM OK	230301
12/07/2017 10:19:23 AM INFO	Inicio de programa
12/07/2017 10:19:24 AM OK	230301
12/07/2017 10:22:20 AM INFO	Inicio de programa
12/07/2017 10:22:22 AM OK	081284
12/07/2017 10:23:08 AM INFO	Inicio de programa
12/07/2017 10:23:09 AM OK	081284
12/07/2017 10:24:54 AM INFO	Inicio de programa
12/07/2017 10:24:56 AM OK	081284
12/07/2017 10:25:36 AM OK	230301
12/07/2017 10:28:07 AM INFO	Inicio de programa
12/07/2017 10:28:17 AM OK	230301
12/07/2017 10:30:02 AM INFO	Inicio de programa
12/07/2017 10:30:03 AM OK	230301
12/07/2017 10:32:27 AM INFO	Inicio de programa
12/07/2017 10:32:28 AM OK	230301
12/07/2017 10:34:25 AM INFO	Inicio de programa
12/07/2017 10:34:31 AM OK	230301
12/07/2017 10:36:00 AM INFO	Inicio de programa
12/07/2017 10:36:02 AM OK	230301
12/07/2017 10:38:29 AM INFO	Inicio de programa
12/07/2017 10:38:30 AM OK	230301
12/07/2017 10:40:15 AM INFO	Inicio de programa
12/07/2017 10:40:16 AM OK	230301
12/07/2017 10:42:35 AM INFO	Inicio de programa
12/07/2017 10:42:37 AM OK	230301
12/07/2017 10:42:37 AM CANCEL	Nuevo resultado
12/07/2017 10:42:37 AM OK	230301
12/07/2017 10:42:46 AM OK	230301
12/07/2017 10:44:40 AM INFO	Inicio de programa
12/07/2017 10:44:41 AM OK	230301
12/07/2017 10:46:01 AM INFO	Inicio de programa
12/07/2017 10:46:03 AM OK	081284
12/07/2017 10:47:03 AM INFO	Inicio de programa
12/07/2017 10:47:05 AM OK	081284
12/07/2017 10:47:34 AM OK	230301
12/07/2017 10:49:52 AM OK	240475
12/07/2017 10:51:56 AM INFO	Inicio de programa
12/07/2017 10:52:06 AM OK	230301
12/07/2017 10:52:16 AM OK	240475
12/07/2017 10:56:12 AM INFO	Inicio de programa
12/07/2017 10:56:18 AM OK	011230
12/07/2017 10:56:46 AM INFO	Inicio de programa
12/07/2017 10:56:55 AM OK	190659
12/07/2017 10:59:06 AM OK	190659
12/07/2017 10:59:29 AM INFO	Inicio de programa
12/07/2017 10:59:34 AM OK	040234
12/07/2017 11:18:00 AM CANCEL	Nuevo resultado
12/07/2017 11:18:00 AM OK	040254
12/07/2017 11:18:26 AM INFO	Inicio de programa
12/07/2017 11:18:38 AM OK	260541
12/07/2017 11:29:30 AM INFO	Inicio de programa
12/07/2017 11:29:42 AM INFO	Inicio de programa
12/07/2017 11:29:53 AM INFO	Inicio de programa
12/07/2017 11:30:08 AM INFO	Inicio de programa
12/07/2017 11:30:17 AM INFO	Inicio de programa
12/07/2017 11:30:23 AM INFO	Inicio de programa
12/07/2017 11:30:44 AM INFO	Inicio de programa
12/07/2017 11:30:52 AM INFO	Inicio de programa
12/07/2017 11:31:10 AM INFO	Inicio de programa
12/07/2017 11:31:29 AM INFO	Inicio de programa
12/07/2017 11:33:27 AM INFO	Inicio de programa
12/07/2017 11:33:42 AM INFO	Inicio de programa
12/07/2017 11:34:21 AM INFO	Inicio de programa
12/07/2017 11:34:39 AM INFO	Inicio de programa
12/07/2017 11:34:54 AM INFO	Inicio de programa
12/07/2017 11:35:56 AM INFO	Inicio de programa
12/07/2017 11:36:14 AM INFO	Inicio de programa
12/07/2017 11:38:13 AM INFO	Inicio de programa
12/07/2017 11:39:32 AM INFO	Inicio de programa
12/07/2017 11:39:34 AM OK	081284
12/07/2017 11:40:15 AM INFO	Inicio de programa
12/07/2017 11:40:18 AM OK	081284
12/07/2017 11:40:59 AM INFO	Inicio de programa
12/07/2017 11:41:04 AM OK	081284
12/07/2017 11:41:14 AM INFO	Inicio de programa
12/07/2017 11:41:22 AM INFO	Inicio de programa
12/07/2017 11:41:30 AM INFO	Inicio de programa
12/07/2017 11:41:39 AM INFO	Inicio de programa
12/07/2017 11:41:47 AM INFO	Inicio de programa
12/07/2017 11:42:04 AM INFO	Inicio de programa
12/07/2017 11:42:15 AM INFO	Inicio de programa
12/07/2017 11:43:07 AM INFO	Inicio de programa
12/07/2017 11:43:15 AM INFO	Inicio de programa
12/07/2017 11:43:28 AM INFO	Inicio de programa
12/07/2017 11:43:37 AM INFO	Inicio de programa
12/07/2017 11:45:42 AM INFO	Inicio de programa
12/07/2017 11:45:44 AM OK	081284
12/07/2017 11:46:01 AM INFO	Inicio de programa
12/07/2017 11:46:03 AM OK	081284
12/07/2017 11:46:23 AM INFO	Inicio de programa
12/07/2017 11:46:25 AM OK	081284
12/07/2017 11:47:05 AM OK	230301
12/07/2017 11:47:56 AM INFO	Inicio de programa
12/07/2017 11:48:10 AM INFO	Inicio de programa
12/07/2017 11:48:28 AM INFO	Inicio de programa
12/07/2017 11:48:51 AM INFO	Inicio de programa
12/07/2017 11:49:09 AM INFO	Inicio de programa
12/07/2017 11:49:28 AM INFO	Inicio de programa
12/07/2017 11:49:32 AM OK	230301
12/07/2017 11:51:09 AM OK	240475
12/07/2017 12:02:00 PM INFO	Inicio de programa
12/07/2017 12:02:02 PM OK	081284
12/07/2017 12:02:34 PM OK	230301
12/07/2017 12:09:14 PM INFO	Inicio de programa
12/07/2017 12:09:21 PM OK	240475
12/07/2017 12:10:32 PM INFO	Inicio de programa
12/07/2017 12:10:38 PM OK	230475
12/07/2017 12:10:47 PM OK	240475
12/07/2017 12:11:31 PM INFO	Inicio de programa
12/07/2017 12:11:37 PM OK	240475
12/07/2017 12:13:08 PM INFO	Inicio de programa
12/07/2017 12:13:13 PM OK	240475
12/07/2017 12:15:10 PM INFO	Inicio de programa
12/07/2017 12:15:14 PM OK	230475
12/07/2017 12:18:09 PM INFO	Inicio de programa
12/07/2017 12:18:11 PM OK	081284
12/07/2017 12:18:16 PM OK	230301
12/07/2017 12:19:57 PM INFO	Inicio de programa
12/07/2017 12:19:58 PM OK	230301
12/07/2017 12:20:47 PM INFO	Inicio de programa
12/07/2017 12:20:49 PM OK	230301
12/07/2017 12:21:18 PM INFO	Inicio de programa
12/07/2017 12:21:20 PM OK	230301
12/07/2017 12:21:50 PM INFO	Inicio de programa
12/07/2017 12:21:52 PM OK	230301
12/07/2017 12:22:38 PM INFO	Inicio de programa
12/07/2017 12:22:39 PM OK	230301
12/07/2017 12:23:08 PM INFO	Inicio de programa
12/07/2017 12:23:10 PM OK	230301
12/07/2017 12:23:57 PM INFO	Inicio de programa
12/07/2017 12:23:58 PM OK	230301
12/07/2017 12:24:23 PM INFO	Inicio de programa
12/07/2017 12:24:24 PM OK	230301
12/07/2017 12:24:48 PM INFO	Inicio de programa
12/07/2017 12:24:51 PM OK	230301
12/07/2017 12:25:15 PM INFO	Inicio de programa
12/07/2017 12:25:17 PM OK	230301
12/07/2017 12:25:42 PM INFO	Inicio de programa
12/07/2017 12:25:44 PM OK	230301
12/07/2017 12:26:11 PM INFO	Inicio de programa
12/07/2017 12:26:14 PM OK	230301
12/07/2017 12:26:37 PM INFO	Inicio de programa
12/07/2017 12:26:39 PM OK	230301
12/07/2017 12:29:22 PM INFO	Inicio de programa
12/07/2017 12:29:25 PM OK	230301
12/07/2017 12:30:00 PM INFO	Inicio de programa
12/07/2017 12:30:02 PM OK	081284
12/07/2017 12:30:36 PM OK	230301
12/07/2017 12:31:28 PM OK	240475
12/07/2017 12:34:10 PM INFO	Inicio de programa
12/07/2017 12:34:21 PM OK	240475
12/07/2017 12:37:39 PM INFO	Inicio de programa
12/07/2017 12:37:46 PM OK	240475
12/07/2017 12:38:56 PM INFO	Inicio de programa
12/07/2017 12:39:01 PM OK	230301
12/07/2017 12:39:44 PM OK	240475
12/07/2017 12:45:02 PM INFO	Inicio de programa
12/07/2017 12:45:05 PM OK	240475
12/07/2017 12:46:22 PM INFO	Inicio de programa
12/07/2017 12:46:26 PM OK	240475
12/07/2017 12:47:21 PM INFO	Inicio de programa
12/07/2017 12:47:24 PM OK	240475
12/07/2017 12:48:59 PM INFO	Inicio de programa
12/07/2017 12:49:03 PM OK	240475
12/07/2017 12:49:55 PM OK	230301
12/07/2017 12:50:35 PM INFO	Inicio de programa
12/07/2017 12:50:41 PM OK	050646
12/07/2017 12:54:03 PM INFO	Inicio de programa
12/07/2017 12:54:38 PM INFO	Inicio de programa
12/07/2017 12:55:23 PM INFO	Inicio de programa
12/07/2017 12:56:11 PM INFO	Inicio de programa
12/07/2017 12:56:28 PM INFO	Inicio de programa
12/07/2017 12:57:19 PM INFO	Inicio de programa
12/07/2017 12:58:59 PM INFO	Inicio de programa
12/07/2017 12:59:24 PM INFO	Inicio de programa
12/07/2017 12:59:29 PM OK	240475
12/07/2017 01:01:15 PM INFO	Inicio de programa
12/07/2017 01:01:26 PM INFO	Inicio de programa
12/07/2017 01:01:44 PM OK	240475
12/07/2017 01:04:27 PM INFO	Inicio de programa
12/07/2017 01:04:58 PM INFO	Inicio de programa
12/07/2017 01:05:12 PM OK	240475
12/07/2017 01:06:09 PM INFO	Inicio de programa
12/07/2017 01:06:43 PM INFO	Inicio de programa
12/07/2017 01:07:02 PM INFO	Inicio de programa
12/07/2017 01:08:03 PM INFO	Inicio de programa
12/07/2017 01:08:13 PM OK	121231
12/07/2017 01:09:06 PM INFO	Inicio de programa
12/07/2017 01:09:12 PM OK	240475
12/07/2017 01:10:35 PM INFO	Salir del programa
